[Wed May 08 23:19:51.577385 2024] [ssl:warn] [pid 61020:tid 392] AH01909: www.example.com:443:0 server certificate does NOT include an ID which matches the server name
PHP:  syntax error, unexpected '(' in D:\optical_shop(yash)\php\php.ini on line 743
e.com:443:0 server certificate does NOT include an ID which matches the server name
[Wed May 08 23:19:51.701962 2024] [mpm_winnt:notice] [pid 61020:tid 392] AH00455: Apache/2.4.58 (Win64) OpenSSL/3.1.3 PHP/8.0.30 configured -- resuming normal operations
[Wed May 08 23:19:51.701962 2024] [mpm_winnt:notice] [pid 61020:tid 392] AH00456: Apache Lounge VS17 Server built: Oct 18 2023 13:03:18
[Wed May 08 23:19:51.701962 2024] [core:notice] [pid 61020:tid 392] AH00094: Command line: 'd:\\optical_shop(yash)\\apache\\bin\\httpd.exe -d D:/optical_shop(yash)/apache'
[Wed May 08 23:19:51.711960 2024] [mpm_winnt:notice] [pid 61020:tid 392] AH00418: Parent: Created child process 41644
[Wed May 08 23:19:52.532531 2024] [ssl:warn] [pid 41644:tid 436] AH01909: www.example.com:443:0 server certificate does NOT include an ID which matches the server name
PHP:  syntax error, unexpected '(' in D:\optical_shop(yash)\php\php.ini on line 743
e.com:443:0 server certificate does NOT include an ID which matches the server name
[Wed May 08 23:19:52.620870 2024] [mpm_winnt:notice] [pid 41644:tid 436] AH00354: Child: Starting 150 worker threads.
[Wed May 08 23:22:14.785461 2024] [mpm_winnt:crit] [pid 41644:tid 436] AH02538: Child: Parent process exited abruptly. Child process is ending
[Wed May 08 23:22:18.841232 2024] [ssl:warn] [pid 47076:tid 384] AH01909: www.example.com:443:0 server certificate does NOT include an ID which matches the server name
[Wed May 08 23:22:18.913381 2024] [core:warn] [pid 47076:tid 384] AH00098: pid file D:/optical_shop(yash)/apache/logs/httpd.pid overwritten -- Unclean shutdown of previous Apache run?
PHP:  syntax error, unexpected '(' in D:\optical_shop(yash)\php\php.ini on line 743
e.com:443:0 server certificate does NOT include an ID which matches the server name
[Wed May 08 23:22:18.926249 2024] [mpm_winnt:notice] [pid 47076:tid 384] AH00455: Apache/2.4.58 (Win64) OpenSSL/3.1.3 PHP/8.0.30 configured -- resuming normal operations
[Wed May 08 23:22:18.926249 2024] [mpm_winnt:notice] [pid 47076:tid 384] AH00456: Apache Lounge VS17 Server built: Oct 18 2023 13:03:18
[Wed May 08 23:22:18.926249 2024] [core:notice] [pid 47076:tid 384] AH00094: Command line: 'd:\\optical_shop(yash)\\apache\\bin\\httpd.exe -d D:/optical_shop(yash)/apache'
[Wed May 08 23:22:18.935053 2024] [mpm_winnt:notice] [pid 47076:tid 384] AH00418: Parent: Created child process 49784
[Wed May 08 23:22:19.663696 2024] [ssl:warn] [pid 49784:tid 408] AH01909: www.example.com:443:0 server certificate does NOT include an ID which matches the server name
PHP:  syntax error, unexpected '(' in D:\optical_shop(yash)\php\php.ini on line 743
e.com:443:0 server certificate does NOT include an ID which matches the server name
[Wed May 08 23:22:19.756718 2024] [mpm_winnt:notice] [pid 49784:tid 408] AH00354: Child: Starting 150 worker threads.
